<?xml version="1.0" encoding="UTF-8"?>
<!-- Generated by org.testng.reporters.JUnitReportReporter -->
<testsuite hostname="DESKTOP-6HJLACR" failures="0" tests="2" name="com.testnganotationspractice.NewTest" time="0.017" errors="0" timestamp="2021-06-28T13:05:21 EDT" skipped="0">
  <testcase classname="com.testnganotationspractice.NewTest" name="searchCustomer" time="0.003"/>
  <system-out/>
  <testcase classname="com.testnganotationspractice.NewTest" name="SearchForProduct" time="0.014"/>
  <system-out/>
</testsuite> <!-- com.testnganotationspractice.NewTest -->
