<?xml version="1.0" encoding="UTF-8"?>
<!-- Generated by org.testng.reporters.JUnitReportReporter -->
<testsuite hostname="DESKTOP-6HJLACR" failures="0" tests="3" name="com.testnganotationspractice.AppStoreClass" time="0.034" errors="0" timestamp="2021-06-28T15:57:07 EDT" skipped="0">
  <testcase classname="com.testnganotationspractice.AppStoreClass" name="SearchForGoogleAppStore" time="0.011"/>
  <system-out/>
  <testcase classname="com.testnganotationspractice.AppStoreClass" name="OpenTheApp" time="0.015"/>
  <system-out/>
  <testcase classname="com.testnganotationspractice.AppStoreClass" name="SearchForApp" time="0.008"/>
  <system-out/>
</testsuite> <!-- com.testnganotationspractice.AppStoreClass -->
