<?xml version="1.0" encoding="UTF-8"?>
<!-- Generated by org.testng.reporters.JUnitReportReporter -->
<testsuite hostname="DESKTOP-6HJLACR" failures="0" tests="2" name="com.testnganotationspractice.TestNGAnnotations2" time="0.011" errors="0" timestamp="2021-06-25T16:29:43 EDT" skipped="0">
  <testcase classname="com.testnganotationspractice.TestNGAnnotations2" name="SearchForGameStore" time="0.003"/>
  <system-out/>
  <testcase classname="com.testnganotationspractice.TestNGAnnotations2" name="SearchForGame" time="0.008"/>
  <system-out/>
</testsuite> <!-- com.testnganotationspractice.TestNGAnnotations2 -->
