<?xml version="1.0" encoding="UTF-8"?>
<!-- Generated by org.testng.reporters.JUnitReportReporter -->
<testsuite hostname="DESKTOP-6HJLACR" failures="0" tests="3" name="com.testnganotationspractice.BuyTablet" time="0.039" errors="0" timestamp="2021-06-28T16:09:10 EDT" skipped="0">
  <testcase classname="com.testnganotationspractice.BuyTablet" name="TheTabletCosts1000Dollars" time="0.007"/>
  <system-out/>
  <testcase classname="com.testnganotationspractice.BuyTablet" name="HowMuchDoesTheTabletCost" time="0.021"/>
  <system-out/>
  <testcase classname="com.testnganotationspractice.BuyTablet" name="ICanBuyTheTablet" time="0.011"/>
  <system-out/>
</testsuite> <!-- com.testnganotationspractice.BuyTablet -->
